#
# There is insufficient memory for the Java Runtime Environment to continue.
# Native memory allocation (malloc) failed to allocate 1048576 bytes for AllocateHeap
# Possible reasons:
#   The system is out of physical RAM or swap space
#   In 32 bit mode, the process size limit was hit
# Possible solutions:
#   Reduce memory load on the system
#   Increase physical memory or swap space
#   Check if swap backing store is full
#   Use 64 bit Java on a 64 bit OS
#   Decrease Java heap size (-Xmx/-Xms)
#   Decrease number of Java threads
#   Decrease Java thread stack sizes (-Xss)
#   Set larger code cache with -XX:ReservedCodeCacheSize=
# This output file may be truncated or incomplete.
#
#  Out of Memory Error (memory/allocation.inline.hpp:61), pid=5600, tid=0x0000000000001868
#
# JRE version:  (8.0_112-b06) (build )
# Java VM: OpenJDK 64-Bit Server VM (25.112-b06 mixed mode windows-amd64 compressed oops)
# Failed to write core dump. Minidumps are not enabled by default on client versions of Windows
#

---------------  T H R E A D  ---------------

Current thread (0x0000000000ffd800):  JavaThread "Unknown thread" [_thread_in_vm, id=6248, stack(0x0000000002d90000,0x0000000002e90000)]

Stack: [0x0000000002d90000,0x0000000002e90000]
[error occurred during error reporting (printing stack bounds), id 0xc0000005]

Native frames: (J=compiled Java code, j=interpreted, Vv=VM code, C=native code)


---------------  P R O C E S S  ---------------

Java Threads: ( => current thread )

Other Threads:

=>0x0000000000ffd800 (exited) JavaThread "Unknown thread" [_thread_in_vm, id=6248, stack(0x0000000002d90000,0x0000000002e90000)]

VM state:not at safepoint (normal execution)

VM Mutex/Monitor currently owned by a thread: None

Heap:
 PSYoungGen      total 38400K, used 665K [0x00000000eab00000, 0x00000000ed580000, 0x0000000100000000)
  eden space 33280K, 2% used [0x00000000eab00000,0x00000000eaba6670,0x00000000ecb80000)
  from space 5120K, 0% used [0x00000000ed080000,0x00000000ed080000,0x00000000ed580000)
  to   space 5120K, 0% used [0x00000000ecb80000,0x00000000ecb80000,0x00000000ed080000)
 ParOldGen       total 87552K, used 0K [0x00000000c0000000, 0x00000000c5580000, 0x00000000eab00000)
  object space 87552K, 0% used [0x00000000c0000000,0x00000000c0000000,0x00000000c5580000)
 Metaspace       used 772K, capacity 4480K, committed 4480K, reserved 1056768K
  class space    used 73K, capacity 384K, committed 384K, reserved 1048576K

Card table byte_map: [0x0000000012450000,0x0000000012660000] byte_map_base: 0x0000000011e50000

Marking Bits: (ParMarkBitMap*) 0x00000000735118f0
 Begin Bits: [0x0000000012bc0000, 0x0000000013bc0000)
 End Bits:   [0x0000000013bc0000, 0x0000000014bc0000)

Polling page: 0x0000000000fd0000

CodeCache: size=245760Kb used=328Kb max_used=328Kb free=245431Kb
 bounds [0x0000000003090000, 0x0000000003300000, 0x0000000012090000]
 total_blobs=57 nmethods=0 adapters=38
 compilation: enabled

Compilation events (0 events):
No events

GC Heap History (0 events):
No events

Deoptimization events (0 events):
No events

Internal exceptions (0 events):
No events

Events (10 events):
Event: 0.042 loading class java/lang/Short
Event: 0.042 loading class java/lang/Short done
Event: 0.042 loading class java/lang/Integer
Event: 0.042 loading class java/lang/Integer done
Event: 0.042 loading class java/lang/Long
Event: 0.042 loading class java/lang/Long done
Event: 0.043 loading class java/lang/NullPointerException
Event: 0.043 loading class java/lang/NullPointerException done
Event: 0.043 loading class java/lang/ArithmeticException
Event: 0.043 loading class java/lang/ArithmeticException done


Dynamic libraries:
0x00007ff70a540000 - 0x00007ff70a571000 	C:\Program Files\Android\Android Studio\jre\bin\java.exe
0x00007ffee7430000 - 0x00007ffee7601000 	C:\WINDOWS\SYSTEM32\ntdll.dll
0x00007ffee5260000 - 0x00007ffee530b000 	C:\WINDOWS\System32\KERNEL32.DLL
0x00007ffee3bd0000 - 0x00007ffee3ded000 	C:\WINDOWS\System32\KERNELBASE.dll
0x00007ffee5aa0000 - 0x00007ffee5b42000 	C:\WINDOWS\System32\ADVAPI32.dll
0x00007ffee5990000 - 0x00007ffee5a2e000 	C:\WINDOWS\System32\msvcrt.dll
0x00007ffee7200000 - 0x00007ffee7259000 	C:\WINDOWS\System32\sechost.dll
0x00007ffee70c0000 - 0x00007ffee71e1000 	C:\WINDOWS\System32\RPCRT4.dll
0x00007ffee5570000 - 0x00007ffee56d5000 	C:\WINDOWS\System32\USER32.dll
0x00007ffee3df0000 - 0x00007ffee3e0e000 	C:\WINDOWS\System32\win32u.dll
0x00007ffee56e0000 - 0x00007ffee5714000 	C:\WINDOWS\System32\GDI32.dll
0x00007ffee3a40000 - 0x00007ffee3bc2000 	C:\WINDOWS\System32\gdi32full.dll
0x00007ffed6460000 - 0x00007ffed66da000 	C:\WINDOWS\WinSxS\amd64_microsoft.windows.common-controls_6595b64144ccf1df_6.0.14393.953_none_42151e83c686086b\COMCTL32.dll
0x00007ffee49c0000 - 0x00007ffee4c88000 	C:\WINDOWS\System32\combase.dll
0x00007ffee4770000 - 0x00007ffee4865000 	C:\WINDOWS\System32\ucrtbase.dll
0x00007ffee3920000 - 0x00007ffee398a000 	C:\WINDOWS\System32\bcryptPrimitives.dll
0x00007ffee72d0000 - 0x00007ffee72fe000 	C:\WINDOWS\System32\IMM32.DLL
0x00000000742a0000 - 0x0000000074372000 	C:\Program Files\Android\Android Studio\jre\jre\bin\msvcr100.dll
0x0000000072d50000 - 0x000000007358c000 	C:\Program Files\Android\Android Studio\jre\jre\bin\server\jvm.dll
0x00007ffee72c0000 - 0x00007ffee72c8000 	C:\WINDOWS\System32\PSAPI.DLL
0x00007ffedde40000 - 0x00007ffedde49000 	C:\WINDOWS\SYSTEM32\WSOCK32.dll
0x00007ffee73c0000 - 0x00007ffee742a000 	C:\WINDOWS\System32\WS2_32.dll
0x00007ffee1be0000 - 0x00007ffee1c03000 	C:\WINDOWS\SYSTEM32\WINMM.dll
0x00007ffed3680000 - 0x00007ffed368a000 	C:\WINDOWS\SYSTEM32\VERSION.dll
0x00007ffee1b80000 - 0x00007ffee1bab000 	C:\WINDOWS\SYSTEM32\WINMMBASE.dll
0x00007ffee46c0000 - 0x00007ffee4702000 	C:\WINDOWS\System32\cfgmgr32.dll
0x00007ffedde00000 - 0x00007ffedde0f000 	C:\Program Files\Android\Android Studio\jre\jre\bin\verify.dll
0x00007ffecd370000 - 0x00007ffecd399000 	C:\Program Files\Android\Android Studio\jre\jre\bin\java.dll
0x00007ffed3ff0000 - 0x00007ffed4006000 	C:\Program Files\Android\Android Studio\jre\jre\bin\zip.dll

VM Arguments:
jvm_args: -Djava.awt.headless=true -Xmx1024M -Dfile.encoding=x-windows-949 -Duser.country=US -Duser.language=en -Duser.variant 
java_command: com.android.dx.command.Main --dex --force-jumbo --num-threads=4 --multi-dex --output C:\Users\sii92_000\Documents\UW\INFO448\lecture12-sensors\app\build\intermediates\transforms\dex\debug\folders\1000\10000\instant-run_5821d5377b8e138fdbaf1d46193b01930b4d2795 C:\Users\sii92_000\Documents\UW\INFO448\lecture12-sensors\app\build\intermediates\incremental-runtime-classes\debug\instant-run.jar
java_class_path (initial): C:\Users\sii92_000\AppData\Local\Android\sdk\build-tools\25.0.0\lib\dx.jar
Launcher Type: SUN_STANDARD

Environment Variables:
PATH=C:\ProgramData\Oracle\Java\javapath;C:\Program Files (x86)\Intel\iCLS Client\;C:\Program Files\Intel\iCLS Client\;C:\WINDOWS\system32;C:\WINDOWS;C:\WINDOWS\System32\Wbem;C:\WINDOWS\System32\WindowsPowerShell\v1.0\;C:\ProgramData\Lenovo\ReadyApps;C:\Program Files\Intel\Intel(R) Management Engine Components\DAL;C:\Program Files\Intel\Intel(R) Management Engine Components\IPT;C:\Program Files (x86)\Intel\Intel(R) Management Engine Components\DAL;C:\Program Files (x86)\Intel\Intel(R) Management Engine Components\IPT;C:\Program Files (x86)\Livestreamer;C:\Program Files (x86)\Skype\Phone\;C:\Program Files\Intel\WiFi\bin\;C:\Program Files\Common Files\Intel\WirelessCommon\;C:\Program Files\nodejs\;C:\Program Files\Microsoft SQL Server\130\Tools\Binn\;C:\Program Files\Microsoft\Web Platform Installer\;C:\Program Files\dotnet\;C:\Users\sii92_000\AppData\Local\Programs\Python\Python35\Scripts\;C:\Users\sii92_000\AppData\Local\Programs\Python\Python35\;C:\Users\sii92_000\AppData\Local\Programs\Python\Launcher\;C:\Users\sii92_000\AppData\Local\Microsoft\WindowsApps;C:\Program Files (x86)\Microsoft VS Code\bin;C:\Users\sii92_000\AppData\Roaming\npm;C:\Program Files\Java\jdk1.8.0_121\bin;C:\Program Files\gradle-3.4.1\bin
USERNAME=sii92_000
OS=Windows_NT
PROCESSOR_IDENTIFIER=Intel64 Family 6 Model 69 Stepping 1, GenuineIntel



---------------  S Y S T E M  ---------------

OS: Windows 10.0 , 64 bit Build 14393 (10.0.14393.0)

CPU:total 4 (2 cores per cpu, 2 threads per core) family 6 model 69 stepping 1, cmov, cx8, fxsr, mmx, sse, sse2, sse3, ssse3, sse4.1, sse4.2, popcnt, avx, avx2, aes, clmul, erms, lzcnt, ht, tsc, tscinvbit, bmi1, bmi2

Memory: 4k page, physical 8302620k(857000k free), swap 10862620k(5236k free)

vm_info: OpenJDK 64-Bit Server VM (25.112-b06) for windows-amd64 JRE (1.8.0_112-release-b06), built on Dec  8 2016 00:54:26 by "builder" with MS VC++ 10.0 (VS2010)

time: Thu May 04 14:57:39 2017
elapsed time: 0 seconds (0d 0h 0m 0s)

